<?xml version="1.0" encoding="UTF-8"?>
<!-- Generated by org.testng.reporters.JUnitReportReporter -->
<testsuite hostname="Windows-11" failures="0" tests="1" name="com.ClarPar.TestScripts.CreditTestScripts" time="8.884" errors="0" timestamp="2022-06-01T13:51:55 IST" skipped="0">
  <testcase classname="com.ClarPar.TestScripts.CreditTestScripts" name="testCreateCredit" time="8.884"/>
  <system-out/>
</testsuite> <!-- com.ClarPar.TestScripts.CreditTestScripts -->
